<?xml version="1.0" encoding="UTF-8"?>
<!-- Generated by org.testng.reporters.JUnitXMLReporter -->
<testsuite hostname="Eunjungs-Air.hsd1.ga.comcast.net" failures="0" tests="6" name="Maven Testing" time="0.076" errors="0" timestamp="4 Dec 2018 22:16:19 GMT">
  <testcase classname="com.qa.tests.MavenTest3" name="sub" time="0.039"/>
  <testcase classname="com.qa.tests.MavenTest3" name="sum" time="0.002"/>
  <testcase classname="com.qa.tests.MavenTest2" name="sub" time="0.0"/>
  <testcase classname="com.qa.tests.MavenTest2" name="sum" time="0.001"/>
  <testcase classname="com.qa.tests.MavenTest" name="sub" time="0.0"/>
  <testcase classname="com.qa.tests.MavenTest" name="sum" time="0.001"/>
</testsuite> <!-- Maven Testing -->
