<?xml version="1.0" encoding="UTF-8"?>
<testng-results total="6" passed="6" failed="0" skipped="0">
  <reporter-output>
  </reporter-output>
  <suite started-at="2018-12-04T22:16:19Z" name="Test Maven Suite" finished-at="2018-12-04T22:16:19Z" duration-ms="76">
    <groups>
    </groups>
    <test started-at="2018-12-04T22:16:19Z" name="Maven Testing" finished-at="2018-12-04T22:16:19Z" duration-ms="76">
      <class name="com.qa.tests.MavenTest2">
        <test-method signature="sub()[pri:0, instance:com.qa.tests.MavenTest2@a514af7]" started-at="2018-12-04T17:16:19Z" name="sub" finished-at="2018-12-04T17:16:19Z" duration-ms="0" status="PASS">
          <reporter-output>
          </reporter-output>
        </test-method> <!-- sub -->
        <test-method signature="sum()[pri:0, instance:com.qa.tests.MavenTest2@a514af7]" started-at="2018-12-04T17:16:19Z" name="sum" finished-at="2018-12-04T17:16:19Z" duration-ms="1" status="PASS">
          <reporter-output>
          </reporter-output>
        </test-method> <!-- sum -->
      </class> <!-- com.qa.tests.MavenTest2 -->
      <class name="com.qa.tests.MavenTest">
        <test-method signature="sub()[pri:0, instance:com.qa.tests.MavenTest@6b927fb]" started-at="2018-12-04T17:16:19Z" name="sub" finished-at="2018-12-04T17:16:19Z" duration-ms="0" status="PASS">
          <reporter-output>
          </reporter-output>
        </test-method> <!-- sub -->
        <test-method signature="sum()[pri:0, instance:com.qa.tests.MavenTest@6b927fb]" started-at="2018-12-04T17:16:19Z" name="sum" finished-at="2018-12-04T17:16:19Z" duration-ms="1" status="PASS">
          <reporter-output>
          </reporter-output>
        </test-method> <!-- sum -->
      </class> <!-- com.qa.tests.MavenTest -->
      <class name="com.qa.tests.MavenTest3">
        <test-method signature="sub()[pri:0, instance:com.qa.tests.MavenTest3@5af3afd9]" started-at="2018-12-04T17:16:19Z" name="sub" finished-at="2018-12-04T17:16:19Z" duration-ms="39" status="PASS">
          <reporter-output>
          </reporter-output>
        </test-method> <!-- sub -->
        <test-method signature="sum()[pri:0, instance:com.qa.tests.MavenTest3@5af3afd9]" started-at="2018-12-04T17:16:19Z" name="sum" finished-at="2018-12-04T17:16:19Z" duration-ms="2" status="PASS">
          <reporter-output>
          </reporter-output>
        </test-method> <!-- sum -->
      </class> <!-- com.qa.tests.MavenTest3 -->
    </test> <!-- Maven Testing -->
  </suite> <!-- Test Maven Suite -->
</testng-results>
