<?xml version="1.0" encoding="UTF-8"?>
<testsuite xmlns:xsi="http://www.w3.org/2001/XMLSchema-instance" xsi:noNamespaceSchemaLocation="https://maven.apache.org/surefire/maven-surefire-plugin/xsd/surefire-test-report.xsd" name="TestSuite" time="1.173" tests="6" errors="0" skipped="0" failures="0">
  <properties>
[...]
</properties>
  <testcase name="sub" classname="com.qa.tests.MavenTest3" time="0.032"/>
  <testcase name="sum" classname="com.qa.tests.MavenTest3" time="0.002"/>
  <testcase name="sub" classname="com.qa.tests.MavenTest2" time="0.001"/>
  <testcase name="sum" classname="com.qa.tests.MavenTest2" time="0"/>
  <testcase name="sub" classname="com.qa.tests.MavenTest" time="0"/>
  <testcase name="sum" classname="com.qa.tests.MavenTest" time="0"/>
</testsuite>