<?xml version="1.0" encoding="UTF-8"?>
<testng-results total="2" passed="2" failed="0" skipped="0">
  <reporter-output>
  </reporter-output>
  <suite started-at="2018-12-06T20:23:00Z" name="Default suite" finished-at="2018-12-06T20:23:00Z" duration-ms="97">
    <groups>
    </groups>
    <test started-at="2018-12-06T20:23:00Z" name="Default test" finished-at="2018-12-06T20:23:00Z" duration-ms="97">
      <class name="com.qa.tests.MavenTest2">
        <test-method signature="sub()[pri:0, instance:com.qa.tests.MavenTest2@5bf0d49]" started-at="2018-12-06T15:23:00Z" name="sub" finished-at="2018-12-06T15:23:00Z" duration-ms="33" status="PASS">
          <reporter-output>
          </reporter-output>
        </test-method> <!-- sub -->
        <test-method signature="sum()[pri:0, instance:com.qa.tests.MavenTest2@5bf0d49]" started-at="2018-12-06T15:23:00Z" name="sum" finished-at="2018-12-06T15:23:00Z" duration-ms="10" status="PASS">
          <reporter-output>
          </reporter-output>
        </test-method> <!-- sum -->
      </class> <!-- com.qa.tests.MavenTest2 -->
    </test> <!-- Default test -->
  </suite> <!-- Default suite -->
</testng-results>
