<?xml version="1.0" encoding="UTF-8"?>
<testng-results total="2" passed="2" failed="0" skipped="0">
  <reporter-output>
  </reporter-output>
  <suite started-at="2018-12-04T20:58:04Z" name="Default suite" finished-at="2018-12-04T20:58:04Z" duration-ms="50">
    <groups>
    </groups>
    <test started-at="2018-12-04T20:58:04Z" name="Default test" finished-at="2018-12-04T20:58:04Z" duration-ms="50">
      <class name="com.qa.tests.MavenTest">
        <test-method signature="sub()[pri:0, instance:com.qa.tests.MavenTest@776aec5c]" started-at="2018-12-04T15:58:04Z" name="sub" finished-at="2018-12-04T15:58:04Z" duration-ms="20" status="PASS">
          <reporter-output>
          </reporter-output>
        </test-method> <!-- sub -->
        <test-method signature="sum()[pri:0, instance:com.qa.tests.MavenTest@776aec5c]" started-at="2018-12-04T15:58:04Z" name="sum" finished-at="2018-12-04T15:58:04Z" duration-ms="2" status="PASS">
          <reporter-output>
          </reporter-output>
        </test-method> <!-- sum -->
      </class> <!-- com.qa.tests.MavenTest -->
    </test> <!-- Default test -->
  </suite> <!-- Default suite -->
</testng-results>
